Aug  2 21:40:06 nico-pc sshd[1118]: Server listening on 0.0.0.0 port 22.
Aug  2 21:40:06 nico-pc sshd[1118]: Server listening on :: port 22.
Aug  2 21:40:08 nico-pc sddm-helper: pam_unix(sddm-greeter:session): session opened for user sddm by (uid=0)
Aug  2 21:40:08 nico-pc systemd-logind[800]: New session 1 of user sddm.
Aug  2 21:40:08 nico-pc systemd: pam_unix(systemd-user:session): session opened for user sddm by (uid=0)
Aug  2 21:41:58 nico-pc sddm-helper: pam_kwallet5(sddm:auth): (null): pam_sm_authenticate
Aug  2 21:41:58 nico-pc sddm-helper: pam_kwallet5(sddm:setcred): pam_kwallet5: pam_sm_setcred
Aug  2 21:41:58 nico-pc sddm-helper: pam_unix(sddm:session): session opened for user nico by (uid=0)
Aug  2 21:41:59 nico-pc systemd-logind[800]: New session 3 of user nico.
Aug  2 21:41:59 nico-pc systemd: pam_unix(systemd-user:session): session opened for user nico by (uid=0)
Aug  2 21:41:59 nico-pc sddm-helper: pam_unix(sddm-greeter:session): session closed for user sddm
Aug  2 21:41:59 nico-pc systemd-logind[800]: Session 1 logged out. Waiting for processes to exit.
Aug  2 21:41:59 nico-pc systemd-logind[800]: Removed session 1.
Aug  2 21:41:59 nico-pc sddm-helper: pam_kwallet5(sddm:session): pam_kwallet5: pam_sm_open_session
Aug  2 21:42:01 nico-pc polkitd(authority=local): Registered Authentication Agent for unix-session:3 (system bus name :1.56 [/usr/lib/x86_64-linux-gnu/libexec/polkit-kde-authentication-agent-1], object path /org/kde/PolicyKit1/AuthenticationAgent, locale es_AR.UTF-8)
Aug  2 21:42:09 nico-pc systemd: pam_unix(systemd-user:session): session closed for user sddm
Aug  2 21:44:47 nico-pc su: (to root) nico on pts/1
Aug  2 21:44:47 nico-pc su: pam_unix(su-l:session): session opened for user root by (uid=1000)
Aug  2 21:46:58 nico-pc PackageKit: uid 1000 is trying to obtain org.freedesktop.packagekit.system-sources-refresh auth (only_trusted:0)
Aug  2 21:46:58 nico-pc PackageKit: uid 1000 obtained auth for org.freedesktop.packagekit.system-sources-refresh
Aug  2 21:52:05 nico-pc su: pam_unix(su-l:session): session closed for user root
Aug  2 22:17:01 nico-pc CRON[25550]: pam_unix(cron:session): session opened for user root by (uid=0)
Aug  2 22:17:01 nico-pc CRON[25550]: pam_unix(cron:session): session closed for user root
Aug  2 22:30:01 nico-pc CRON[25658]: pam_unix(cron:session): session opened for user root by (uid=0)
Aug  2 22:30:01 nico-pc CRON[25658]: pam_unix(cron:session): session closed for user root
Aug  2 23:17:01 nico-pc CRON[26000]: pam_unix(cron:session): session opened for user root by (uid=0)
Aug  2 23:17:01 nico-pc CRON[26000]: pam_unix(cron:session): session closed for user root
Aug  2 23:30:01 nico-pc CRON[26105]: pam_unix(cron:session): session opened for user root by (uid=0)
Aug  2 23:30:01 nico-pc CRON[26105]: pam_unix(cron:session): session closed for user root
Aug  3 00:04:59 nico-pc systemd-logind[800]: System is powering down.
Aug  3 17:52:22 nico-pc systemd-logind[774]: New seat seat0.
Aug  3 17:52:22 nico-pc systemd-logind[774]: Watching system buttons on /dev/input/event3 (Power Button)
Aug  3 17:52:22 nico-pc systemd-logind[774]: Watching system buttons on /dev/input/event1 (Lid Switch)
Aug  3 17:52:22 nico-pc systemd-logind[774]: Watching system buttons on /dev/input/event2 (Sleep Button)
Aug  3 17:52:23 nico-pc systemd-logind[774]: Watching system buttons on /dev/input/event0 (AT Translated Set 2 keyboard)
Aug  3 17:52:23 nico-pc sshd[1282]: Server listening on 0.0.0.0 port 22.
Aug  3 17:52:23 nico-pc sshd[1282]: Server listening on :: port 22.
Aug  3 17:52:26 nico-pc sddm-helper: pam_unix(sddm-greeter:session): session opened for user sddm by (uid=0)
Aug  3 17:52:26 nico-pc systemd-logind[774]: New session 1 of user sddm.
Aug  3 17:52:26 nico-pc systemd: pam_unix(systemd-user:session): session opened for user sddm by (uid=0)
Aug  3 17:52:33 nico-pc sddm-helper: pam_kwallet5(sddm:auth): (null): pam_sm_authenticate
Aug  3 17:52:33 nico-pc sddm-helper: pam_kwallet5(sddm:setcred): pam_kwallet5: pam_sm_setcred
Aug  3 17:52:33 nico-pc sddm-helper: pam_unix(sddm:session): session opened for user nico by (uid=0)
Aug  3 17:52:33 nico-pc systemd-logind[774]: New session 3 of user nico.
Aug  3 17:52:33 nico-pc sddm-helper: pam_unix(sddm-greeter:session): session closed for user sddm
Aug  3 17:52:33 nico-pc systemd-logind[774]: Session 1 logged out. Waiting for processes to exit.
Aug  3 17:52:33 nico-pc systemd-logind[774]: Removed session 1.
Aug  3 17:52:33 nico-pc systemd: pam_unix(systemd-user:session): session opened for user nico by (uid=0)
Aug  3 17:52:33 nico-pc sddm-helper: pam_kwallet5(sddm:session): pam_kwallet5: pam_sm_open_session
Aug  3 17:52:35 nico-pc polkitd(authority=local): Registered Authentication Agent for unix-session:3 (system bus name :1.57 [/usr/lib/x86_64-linux-gnu/libexec/polkit-kde-authentication-agent-1], object path /org/kde/PolicyKit1/AuthenticationAgent, locale es_AR.UTF-8)
Aug  3 17:52:43 nico-pc systemd: pam_unix(systemd-user:session): session closed for user sddm
Aug  3 17:53:24 nico-pc su: (to root) nico on pts/1
Aug  3 17:53:24 nico-pc su: pam_unix(su-l:session): session opened for user root by (uid=1000)
Aug  3 17:55:32 nico-pc su: pam_unix(su-l:session): session closed for user root
Aug  3 17:57:40 nico-pc PackageKit: uid 1000 is trying to obtain org.freedesktop.packagekit.system-sources-refresh auth (only_trusted:0)
Aug  3 17:57:40 nico-pc PackageKit: uid 1000 obtained auth for org.freedesktop.packagekit.system-sources-refresh
Aug  3 18:17:01 nico-pc CRON[9083]: pam_unix(cron:session): session opened for user root by (uid=0)
Aug  3 18:17:01 nico-pc CRON[9083]: pam_unix(cron:session): session closed for user root
Aug  3 18:30:01 nico-pc CRON[9203]: pam_unix(cron:session): session opened for user root by (uid=0)
Aug  3 18:30:01 nico-pc CRON[9203]: pam_unix(cron:session): session closed for user root
Aug  3 19:17:01 nico-pc CRON[10932]: pam_unix(cron:session): session opened for user root by (uid=0)
Aug  3 19:17:01 nico-pc CRON[10932]: pam_unix(cron:session): session closed for user root
Aug  3 19:30:01 nico-pc CRON[11196]: pam_unix(cron:session): session opened for user root by (uid=0)
Aug  3 19:30:01 nico-pc CRON[11196]: pam_unix(cron:session): session closed for user root
Aug  3 19:38:02 nico-pc systemd-logind[774]: System is powering down.
Aug  3 22:20:58 nico-pc systemd-logind[773]: New seat seat0.
Aug  3 22:20:58 nico-pc systemd-logind[773]: Watching system buttons on /dev/input/event3 (Power Button)
Aug  3 22:20:58 nico-pc systemd-logind[773]: Watching system buttons on /dev/input/event1 (Lid Switch)
Aug  3 22:20:58 nico-pc systemd-logind[773]: Watching system buttons on /dev/input/event2 (Sleep Button)
Aug  3 22:20:59 nico-pc systemd-logind[773]: Watching system buttons on /dev/input/event0 (AT Translated Set 2 keyboard)
Aug  3 22:20:59 nico-pc sshd[1306]: Server listening on 0.0.0.0 port 22.
Aug  3 22:20:59 nico-pc sshd[1306]: Server listening on :: port 22.
Aug  3 22:21:02 nico-pc sddm-helper: pam_unix(sddm-greeter:session): session opened for user sddm by (uid=0)
Aug  3 22:21:02 nico-pc systemd-logind[773]: New session 1 of user sddm.
Aug  3 22:21:02 nico-pc systemd: pam_unix(systemd-user:session): session opened for user sddm by (uid=0)
Aug  3 22:21:19 nico-pc sddm-helper: pam_kwallet5(sddm:auth): (null): pam_sm_authenticate
Aug  3 22:21:19 nico-pc sddm-helper: pam_kwallet5(sddm:setcred): pam_kwallet5: pam_sm_setcred
Aug  3 22:21:19 nico-pc sddm-helper: pam_unix(sddm:session): session opened for user nico by (uid=0)
Aug  3 22:21:19 nico-pc systemd-logind[773]: New session 3 of user nico.
Aug  3 22:21:19 nico-pc systemd: pam_unix(systemd-user:session): session opened for user nico by (uid=0)
Aug  3 22:21:19 nico-pc sddm-helper: pam_unix(sddm-greeter:session): session closed for user sddm
Aug  3 22:21:19 nico-pc systemd-logind[773]: Session 1 logged out. Waiting for processes to exit.
Aug  3 22:21:19 nico-pc systemd-logind[773]: Removed session 1.
Aug  3 22:21:19 nico-pc sddm-helper: pam_kwallet5(sddm:session): pam_kwallet5: pam_sm_open_session
Aug  3 22:21:21 nico-pc polkitd(authority=local): Registered Authentication Agent for unix-session:3 (system bus name :1.49 [/usr/lib/x86_64-linux-gnu/libexec/polkit-kde-authentication-agent-1], object path /org/kde/PolicyKit1/AuthenticationAgent, locale es_AR.UTF-8)
Aug  3 22:21:29 nico-pc systemd: pam_unix(systemd-user:session): session closed for user sddm
Aug  3 22:22:55 nico-pc su: (to root) nico on pts/1
Aug  3 22:22:55 nico-pc su: pam_unix(su-l:session): session opened for user root by (uid=1000)
Aug  3 22:23:44 nico-pc su: pam_unix(su-l:session): session closed for user root
Aug  3 22:26:27 nico-pc PackageKit: uid 1000 is trying to obtain org.freedesktop.packagekit.system-sources-refresh auth (only_trusted:0)
Aug  3 22:26:27 nico-pc PackageKit: uid 1000 obtained auth for org.freedesktop.packagekit.system-sources-refresh
Aug  3 22:30:01 nico-pc CRON[7400]: pam_unix(cron:session): session opened for user root by (uid=0)
Aug  3 22:30:01 nico-pc CRON[7400]: pam_unix(cron:session): session closed for user root
Aug  3 23:17:01 nico-pc CRON[7728]: pam_unix(cron:session): session opened for user root by (uid=0)
Aug  3 23:17:01 nico-pc CRON[7728]: pam_unix(cron:session): session closed for user root
Aug  3 23:30:01 nico-pc CRON[7830]: pam_unix(cron:session): session opened for user root by (uid=0)
Aug  3 23:30:01 nico-pc CRON[7830]: pam_unix(cron:session): session closed for user root
Aug  4 00:17:01 nico-pc CRON[8231]: pam_unix(cron:session): session opened for user root by (uid=0)
Aug  4 00:17:01 nico-pc CRON[8231]: pam_unix(cron:session): session closed for user root
Aug  4 01:17:01 nico-pc CRON[8671]: pam_unix(cron:session): session opened for user root by (uid=0)
Aug  4 01:17:01 nico-pc CRON[8671]: pam_unix(cron:session): session closed for user root
Aug  4 01:22:10 nico-pc polkitd(authority=local): Unregistered Authentication Agent for unix-session:3 (system bus name :1.49, object path /org/kde/PolicyKit1/AuthenticationAgent, locale es_AR.UTF-8)
Aug  4 01:22:12 nico-pc systemd-logind[773]: System is powering down.
Aug  4 21:27:05 nico-pc systemd-logind[806]: New seat seat0.
Aug  4 21:27:05 nico-pc systemd-logind[806]: Watching system buttons on /dev/input/event3 (Power Button)
Aug  4 21:27:06 nico-pc systemd-logind[806]: Watching system buttons on /dev/input/event1 (Lid Switch)
Aug  4 21:27:06 nico-pc systemd-logind[806]: Watching system buttons on /dev/input/event2 (Sleep Button)
Aug  4 21:27:06 nico-pc systemd-logind[806]: Watching system buttons on /dev/input/event0 (AT Translated Set 2 keyboard)
Aug  4 21:27:06 nico-pc sshd[1177]: Server listening on 0.0.0.0 port 22.
Aug  4 21:27:06 nico-pc sshd[1177]: Server listening on :: port 22.
Aug  4 21:27:09 nico-pc sddm-helper: pam_unix(sddm-greeter:session): session opened for user sddm by (uid=0)
Aug  4 21:27:09 nico-pc systemd-logind[806]: New session 1 of user sddm.
Aug  4 21:27:09 nico-pc systemd: pam_unix(systemd-user:session): session opened for user sddm by (uid=0)
Aug  4 21:27:16 nico-pc sddm-helper: pam_kwallet5(sddm:auth): (null): pam_sm_authenticate
Aug  4 21:27:17 nico-pc sddm-helper: pam_kwallet5(sddm:setcred): pam_kwallet5: pam_sm_setcred
Aug  4 21:27:17 nico-pc sddm-helper: pam_unix(sddm:session): session opened for user nico by (uid=0)
Aug  4 21:27:17 nico-pc systemd-logind[806]: New session 3 of user nico.
Aug  4 21:27:17 nico-pc systemd: pam_unix(systemd-user:session): session opened for user nico by (uid=0)
Aug  4 21:27:17 nico-pc sddm-helper: pam_unix(sddm-greeter:session): session closed for user sddm
Aug  4 21:27:17 nico-pc systemd-logind[806]: Session 1 logged out. Waiting for processes to exit.
Aug  4 21:27:17 nico-pc sddm-helper: pam_kwallet5(sddm:session): pam_kwallet5: pam_sm_open_session
Aug  4 21:27:17 nico-pc systemd-logind[806]: Removed session 1.
Aug  4 21:27:18 nico-pc polkitd(authority=local): Registered Authentication Agent for unix-session:3 (system bus name :1.49 [/usr/lib/x86_64-linux-gnu/libexec/polkit-kde-authentication-agent-1], object path /org/kde/PolicyKit1/AuthenticationAgent, locale es_AR.UTF-8)
Aug  4 21:27:27 nico-pc systemd: pam_unix(systemd-user:session): session closed for user sddm
Aug  4 21:27:47 nico-pc su: (to root) nico on pts/1
Aug  4 21:27:47 nico-pc su: pam_unix(su-l:session): session opened for user root by (uid=1000)
Aug  4 21:28:18 nico-pc su: pam_unix(su-l:session): session closed for user root
Aug  4 21:30:01 nico-pc CRON[6909]: pam_unix(cron:session): session opened for user root by (uid=0)
Aug  4 21:30:01 nico-pc CRON[6909]: pam_unix(cron:session): session closed for user root
Aug  4 21:32:25 nico-pc PackageKit: uid 1000 is trying to obtain org.freedesktop.packagekit.system-sources-refresh auth (only_trusted:0)
Aug  4 21:32:25 nico-pc PackageKit: uid 1000 obtained auth for org.freedesktop.packagekit.system-sources-refresh
Aug  4 22:17:01 nico-pc CRON[8137]: pam_unix(cron:session): session opened for user root by (uid=0)
Aug  4 22:17:01 nico-pc CRON[8137]: pam_unix(cron:session): session closed for user root
Aug  4 22:30:01 nico-pc CRON[8235]: pam_unix(cron:session): session opened for user root by (uid=0)
Aug  4 22:30:01 nico-pc CRON[8235]: pam_unix(cron:session): session closed for user root
Aug  4 23:17:01 nico-pc CRON[8511]: pam_unix(cron:session): session opened for user root by (uid=0)
Aug  4 23:17:01 nico-pc CRON[8511]: pam_unix(cron:session): session closed for user root
Aug  4 23:30:01 nico-pc CRON[8591]: pam_unix(cron:session): session opened for user root by (uid=0)
Aug  4 23:30:01 nico-pc CRON[8591]: pam_unix(cron:session): session closed for user root
Aug  4 23:40:12 nico-pc polkitd(authority=local): Unregistered Authentication Agent for unix-session:3 (system bus name :1.49, object path /org/kde/PolicyKit1/AuthenticationAgent, locale es_AR.UTF-8)
Aug  4 23:40:14 nico-pc systemd-logind[806]: System is powering down.
Aug  5 22:20:13 nico-pc systemd-logind[810]: New seat seat0.
Aug  5 22:20:13 nico-pc systemd-logind[810]: Watching system buttons on /dev/input/event3 (Power Button)
Aug  5 22:20:13 nico-pc systemd-logind[810]: Watching system buttons on /dev/input/event1 (Lid Switch)
Aug  5 22:20:13 nico-pc systemd-logind[810]: Watching system buttons on /dev/input/event2 (Sleep Button)
Aug  5 22:20:13 nico-pc systemd-logind[810]: Watching system buttons on /dev/input/event0 (AT Translated Set 2 keyboard)
Aug  5 22:20:14 nico-pc sshd[1111]: Server listening on 0.0.0.0 port 22.
Aug  5 22:20:14 nico-pc sshd[1111]: Server listening on :: port 22.
Aug  5 22:20:17 nico-pc sddm-helper: pam_unix(sddm-greeter:session): session opened for user sddm by (uid=0)
Aug  5 22:20:17 nico-pc systemd-logind[810]: New session 1 of user sddm.
Aug  5 22:20:17 nico-pc systemd: pam_unix(systemd-user:session): session opened for user sddm by (uid=0)
Aug  5 22:20:37 nico-pc sddm-helper: pam_kwallet5(sddm:auth): (null): pam_sm_authenticate
Aug  5 22:20:37 nico-pc sddm-helper: pam_kwallet5(sddm:setcred): pam_kwallet5: pam_sm_setcred
Aug  5 22:20:37 nico-pc sddm-helper: pam_unix(sddm:session): session opened for user nico by (uid=0)
Aug  5 22:20:37 nico-pc systemd-logind[810]: New session 3 of user nico.
Aug  5 22:20:37 nico-pc systemd: pam_unix(systemd-user:session): session opened for user nico by (uid=0)
Aug  5 22:20:37 nico-pc sddm-helper: pam_unix(sddm-greeter:session): session closed for user sddm
Aug  5 22:20:37 nico-pc systemd-logind[810]: Session 1 logged out. Waiting for processes to exit.
Aug  5 22:20:37 nico-pc systemd-logind[810]: Removed session 1.
Aug  5 22:20:37 nico-pc sddm-helper: pam_kwallet5(sddm:session): pam_kwallet5: pam_sm_open_session
Aug  5 22:20:39 nico-pc polkitd(authority=local): Registered Authentication Agent for unix-session:3 (system bus name :1.53 [/usr/lib/x86_64-linux-gnu/libexec/polkit-kde-authentication-agent-1], object path /org/kde/PolicyKit1/AuthenticationAgent, locale es_AR.UTF-8)
Aug  5 22:20:47 nico-pc systemd: pam_unix(systemd-user:session): session closed for user sddm
Aug  5 22:21:04 nico-pc su: (to root) nico on pts/1
Aug  5 22:21:04 nico-pc su: pam_unix(su-l:session): session opened for user root by (uid=1000)
Aug  5 22:21:51 nico-pc su: pam_unix(su-l:session): session closed for user root
Aug  5 22:25:46 nico-pc PackageKit: uid 1000 is trying to obtain org.freedesktop.packagekit.system-sources-refresh auth (only_trusted:0)
Aug  5 22:25:46 nico-pc PackageKit: uid 1000 obtained auth for org.freedesktop.packagekit.system-sources-refresh
Aug  5 22:30:01 nico-pc CRON[9124]: pam_unix(cron:session): session opened for user root by (uid=0)
Aug  5 22:30:01 nico-pc CRON[9124]: pam_unix(cron:session): session closed for user root
Aug  5 22:46:08 nico-pc polkitd(authority=local): Unregistered Authentication Agent for unix-session:3 (system bus name :1.53, object path /org/kde/PolicyKit1/AuthenticationAgent, locale es_AR.UTF-8)
Aug  5 22:46:11 nico-pc systemd-logind[810]: System is powering down.
Aug  5 22:46:11 nico-pc sshd[1111]: Received signal 15; terminating.
Aug  5 22:58:26 nico-pc systemd-logind[818]: New seat seat0.
Aug  5 22:58:26 nico-pc systemd-logind[818]: Watching system buttons on /dev/input/event3 (Power Button)
Aug  5 22:58:27 nico-pc systemd-logind[818]: Watching system buttons on /dev/input/event1 (Lid Switch)
Aug  5 22:58:27 nico-pc systemd-logind[818]: Watching system buttons on /dev/input/event2 (Sleep Button)
Aug  5 22:58:27 nico-pc systemd-logind[818]: Watching system buttons on /dev/input/event0 (AT Translated Set 2 keyboard)
Aug  5 22:58:27 nico-pc sshd[1282]: Server listening on 0.0.0.0 port 22.
Aug  5 22:58:27 nico-pc sshd[1282]: Server listening on :: port 22.
Aug  5 22:58:30 nico-pc sddm-helper: pam_unix(sddm-greeter:session): session opened for user sddm by (uid=0)
Aug  5 22:58:30 nico-pc systemd-logind[818]: New session 1 of user sddm.
Aug  5 22:58:30 nico-pc systemd: pam_unix(systemd-user:session): session opened for user sddm by (uid=0)
Aug  5 22:59:15 nico-pc sddm-helper: pam_kwallet5(sddm:auth): (null): pam_sm_authenticate
Aug  5 22:59:15 nico-pc sddm-helper: pam_kwallet5(sddm:setcred): pam_kwallet5: pam_sm_setcred
Aug  5 22:59:15 nico-pc sddm-helper: pam_unix(sddm:session): session opened for user nico by (uid=0)
Aug  5 22:59:15 nico-pc systemd-logind[818]: New session 3 of user nico.
Aug  5 22:59:15 nico-pc systemd: pam_unix(systemd-user:session): session opened for user nico by (uid=0)
Aug  5 22:59:15 nico-pc sddm-helper: pam_unix(sddm-greeter:session): session closed for user sddm
Aug  5 22:59:15 nico-pc systemd-logind[818]: Session 1 logged out. Waiting for processes to exit.
Aug  5 22:59:15 nico-pc systemd-logind[818]: Removed session 1.
Aug  5 22:59:15 nico-pc sddm-helper: pam_kwallet5(sddm:session): pam_kwallet5: pam_sm_open_session
Aug  5 22:59:17 nico-pc polkitd(authority=local): Registered Authentication Agent for unix-session:3 (system bus name :1.49 [/usr/lib/x86_64-linux-gnu/libexec/polkit-kde-authentication-agent-1], object path /org/kde/PolicyKit1/AuthenticationAgent, locale es_AR.UTF-8)
Aug  5 22:59:25 nico-pc systemd: pam_unix(systemd-user:session): session closed for user sddm
Aug  5 22:59:33 nico-pc su: (to root) nico on pts/1
Aug  5 22:59:33 nico-pc su: pam_unix(su-l:session): session opened for user root by (uid=1000)
Aug  5 23:00:18 nico-pc su: pam_unix(su-l:session): session closed for user root
Aug  5 23:04:23 nico-pc PackageKit: uid 1000 is trying to obtain org.freedesktop.packagekit.system-sources-refresh auth (only_trusted:0)
Aug  5 23:04:23 nico-pc PackageKit: uid 1000 obtained auth for org.freedesktop.packagekit.system-sources-refresh
Aug  5 23:17:01 nico-pc CRON[7604]: pam_unix(cron:session): session opened for user root by (uid=0)
Aug  5 23:17:01 nico-pc CRON[7604]: pam_unix(cron:session): session closed for user root
Aug  5 23:30:01 nico-pc CRON[7682]: pam_unix(cron:session): session opened for user root by (uid=0)
Aug  5 23:30:01 nico-pc CRON[7682]: pam_unix(cron:session): session closed for user root
Aug  6 00:17:01 nico-pc CRON[8074]: pam_unix(cron:session): session opened for user root by (uid=0)
Aug  6 00:17:01 nico-pc CRON[8074]: pam_unix(cron:session): session closed for user root
Aug  6 01:17:01 nico-pc CRON[8708]: pam_unix(cron:session): session opened for user root by (uid=0)
Aug  6 01:17:01 nico-pc CRON[8708]: pam_unix(cron:session): session closed for user root
Aug  6 01:17:42 nico-pc polkitd(authority=local): Unregistered Authentication Agent for unix-session:3 (system bus name :1.49, object path /org/kde/PolicyKit1/AuthenticationAgent, locale es_AR.UTF-8)
Aug  6 01:17:44 nico-pc systemd-logind[818]: System is powering down.
Aug  6 17:52:15 nico-pc systemd-logind[796]: New seat seat0.
Aug  6 17:52:15 nico-pc systemd-logind[796]: Watching system buttons on /dev/input/event3 (Power Button)
Aug  6 17:52:15 nico-pc systemd-logind[796]: Watching system buttons on /dev/input/event1 (Lid Switch)
Aug  6 17:52:15 nico-pc systemd-logind[796]: Watching system buttons on /dev/input/event2 (Sleep Button)
Aug  6 17:52:15 nico-pc systemd-logind[796]: Watching system buttons on /dev/input/event0 (AT Translated Set 2 keyboard)
Aug  6 17:52:16 nico-pc sshd[1134]: Server listening on 0.0.0.0 port 22.
Aug  6 17:52:16 nico-pc sshd[1134]: Server listening on :: port 22.
Aug  6 17:52:18 nico-pc sddm-helper: pam_unix(sddm-greeter:session): session opened for user sddm by (uid=0)
Aug  6 17:52:18 nico-pc systemd-logind[796]: New session 1 of user sddm.
Aug  6 17:52:18 nico-pc systemd: pam_unix(systemd-user:session): session opened for user sddm by (uid=0)
Aug  6 17:52:27 nico-pc sddm-helper: pam_kwallet5(sddm:auth): (null): pam_sm_authenticate
Aug  6 17:52:27 nico-pc sddm-helper: pam_kwallet5(sddm:setcred): pam_kwallet5: pam_sm_setcred
Aug  6 17:52:27 nico-pc sddm-helper: pam_unix(sddm:session): session opened for user nico by (uid=0)
Aug  6 17:52:27 nico-pc systemd-logind[796]: New session 3 of user nico.
Aug  6 17:52:27 nico-pc systemd: pam_unix(systemd-user:session): session opened for user nico by (uid=0)
Aug  6 17:52:27 nico-pc sddm-helper: pam_unix(sddm-greeter:session): session closed for user sddm
Aug  6 17:52:27 nico-pc systemd-logind[796]: Session 1 logged out. Waiting for processes to exit.
Aug  6 17:52:27 nico-pc systemd-logind[796]: Removed session 1.
Aug  6 17:52:27 nico-pc sddm-helper: pam_kwallet5(sddm:session): pam_kwallet5: pam_sm_open_session
Aug  6 17:52:28 nico-pc polkitd(authority=local): Registered Authentication Agent for unix-session:3 (system bus name :1.50 [/usr/lib/x86_64-linux-gnu/libexec/polkit-kde-authentication-agent-1], object path /org/kde/PolicyKit1/AuthenticationAgent, locale es_AR.UTF-8)
Aug  6 17:52:54 nico-pc su: (to root) nico on pts/1
Aug  6 17:52:54 nico-pc su: pam_unix(su-l:session): session opened for user root by (uid=1000)
Aug  6 17:53:02 nico-pc su: pam_unix(su-l:session): session closed for user root
Aug  6 17:57:35 nico-pc PackageKit: uid 1000 is trying to obtain org.freedesktop.packagekit.system-sources-refresh auth (only_trusted:0)
Aug  6 17:57:35 nico-pc PackageKit: uid 1000 obtained auth for org.freedesktop.packagekit.system-sources-refresh
Aug  6 18:17:01 nico-pc CRON[9001]: pam_unix(cron:session): session opened for user root by (uid=0)
Aug  6 18:17:01 nico-pc CRON[9001]: pam_unix(cron:session): session closed for user root
Aug  6 18:30:01 nico-pc CRON[9517]: pam_unix(cron:session): session opened for user root by (uid=0)
Aug  6 18:30:01 nico-pc CRON[9517]: pam_unix(cron:session): session closed for user root
Aug  6 18:42:47 nico-pc sudo:     nico : TTY=pts/1 ; PWD=/home/nico ; USER=root ; COMMAND=/usr/bin/apt search git
Aug  6 18:42:47 nico-pc sudo: pam_unix(sudo:session): session opened for user root by (uid=0)
Aug  6 18:42:47 nico-pc sudo: pam_unix(sudo:session): session closed for user root
Aug  6 18:43:06 nico-pc sudo:     nico : TTY=pts/1 ; PWD=/home/nico ; USER=root ; COMMAND=/usr/bin/apt search git
Aug  6 18:43:06 nico-pc sudo: pam_unix(sudo:session): session opened for user root by (uid=0)
Aug  6 18:43:07 nico-pc sudo: pam_unix(sudo:session): session closed for user root
Aug  6 18:43:53 nico-pc sudo:     nico : TTY=pts/1 ; PWD=/home/nico ; USER=root ; COMMAND=/usr/bin/apt update
Aug  6 18:43:53 nico-pc sudo: pam_unix(sudo:session): session opened for user root by (uid=0)
Aug  6 18:43:56 nico-pc sudo: pam_unix(sudo:session): session closed for user root
Aug  6 18:44:17 nico-pc sudo:     nico : TTY=pts/1 ; PWD=/home/nico ; USER=root ; COMMAND=/usr/bin/apt install git
Aug  6 18:44:17 nico-pc sudo: pam_unix(sudo:session): session opened for user root by (uid=0)
Aug  6 18:44:27 nico-pc sudo: pam_unix(sudo:session): session closed for user root
Aug  6 19:17:01 nico-pc CRON[12469]: pam_unix(cron:session): session opened for user root by (uid=0)
Aug  6 19:17:01 nico-pc CRON[12469]: pam_unix(cron:session): session closed for user root
Aug  6 19:21:13 nico-pc sudo:     nico : TTY=pts/1 ; PWD=/home/nico/RepoGit/curso-sistemas-2021 ; USER=root ; COMMAND=/usr/bin/cp /var/log/auth.log ./
Aug  6 19:21:13 nico-pc sudo: pam_unix(sudo:session): session opened for user root by (uid=0)
